2025-07-30 19:27:49,449 - __main__ - INFO - Starting comprehensive cloud service health check...
2025-07-30 19:27:49,449 - __main__ - INFO - Testing service connectivity...
2025-07-30 19:27:49,505 - __main__ - INFO - Connectivity results: {'chroma_service': {'status': 'connected', 'response_code': 200, 'response_time_ms': 25.02, 'accessible': True}, 'embedding_service': {'status': 'connected', 'response_code': 200, 'response_time_ms': 30.38, 'accessible': True}}
2025-07-30 19:27:49,505 - __main__ - INFO - Testing service health endpoints...
2025-07-30 19:27:49,548 - __main__ - INFO - Service health check completed
2025-07-30 19:27:49,549 - __main__ - INFO - Testing embedding API functionality...
2025-07-30 19:27:50,399 - __main__ - INFO - Embedding API functionality test completed
2025-07-30 19:27:50,400 - __main__ - INFO - Testing ChromaDB functionality...
2025-07-30 19:27:50,714 - __main__ - INFO - ChromaDB functionality test completed
2025-07-30 19:27:50,714 - __main__ - INFO - Testing document processing for /root/data/ documents...
2025-07-30 19:27:51,001 - __main__ - INFO - Document processing check completed: 3/3 documents found
2025-07-30 19:27:51,001 - __main__ - INFO - Testing database integrity...
2025-07-30 19:27:51,291 - __main__ - INFO - Database integrity test completed
2025-07-30 19:27:51,292 - __main__ - INFO - Running performance benchmarks...
2025-07-30 19:27:53,038 - __main__ - INFO - Performance benchmarks completed
2025-07-30 19:27:53,038 - __main__ - INFO - Generating overall assessment...
2025-07-30 19:27:53,039 - __main__ - INFO - Overall assessment: healthy
2025-07-30 19:27:53,039 - __main__ - INFO - Health check completed successfully
2025-07-30 19:53:32,242 - __main__ - INFO - Starting comprehensive cloud service health check...
2025-07-30 19:53:32,243 - __main__ - INFO - Testing service connectivity...
2025-07-30 19:53:32,274 - __main__ - INFO - Connectivity results: {'chroma_service': {'status': 'connected', 'response_code': 200, 'response_time_ms': 15.33, 'accessible': True}, 'embedding_service': {'status': 'connected', 'response_code': 200, 'response_time_ms': 15.52, 'accessible': True}}
2025-07-30 19:53:32,274 - __main__ - INFO - Testing service health endpoints...
2025-07-30 19:53:32,318 - __main__ - INFO - Service health check completed
2025-07-30 19:53:32,318 - __main__ - INFO - Testing embedding API functionality...
2025-07-30 19:53:33,231 - __main__ - INFO - Embedding API functionality test completed
2025-07-30 19:53:33,232 - __main__ - INFO - Testing ChromaDB functionality...
2025-07-30 19:53:33,597 - __main__ - INFO - ChromaDB functionality test completed
2025-07-30 19:53:33,597 - __main__ - INFO - Testing document processing for /root/data/ documents...
2025-07-30 19:53:33,930 - __main__ - INFO - Document processing check completed: 3/3 documents found
2025-07-30 19:53:33,930 - __main__ - INFO - Testing database integrity...
2025-07-30 19:53:34,197 - __main__ - INFO - Database integrity test completed
2025-07-30 19:53:34,197 - __main__ - INFO - Running performance benchmarks...
2025-07-30 19:53:35,914 - __main__ - INFO - Performance benchmarks completed
2025-07-30 19:53:35,914 - __main__ - INFO - Generating overall assessment...
2025-07-30 19:53:35,914 - __main__ - INFO - Overall assessment: healthy
2025-07-30 19:53:35,914 - __main__ - INFO - Health check completed successfully
